<?xml version="1.0" encoding="UTF-8"?>
<!-- Generated by org.testng.reporters.JUnitXMLReporter -->
<testsuite ignored="0" hostname="LAPTOP-9H2JONG2" failures="0" tests="14" name="Test" time="156.622" errors="0" timestamp="2022-10-12T11:36:16 IST">
  <testcase classname="com.simplilearn.demo.FlipkartTestChrome" name="closeLogin" time="1.373"/>
  <testcase classname="com.simplilearn.demo.FlipkartTestChrome" name="scroll" time="6.106"/>
  <testcase classname="com.simplilearn.demo.FlipkartTestChrome" name="searchProduct" time="5.434"/>
  <testcase classname="com.simplilearn.demo.FlipkartTestChrome" name="loadImage" time="13.102"/>
  <testcase classname="com.simplilearn.demo.FlipkartTestChrome" name="scrollFrequency" time="2.064"/>
  <testcase classname="com.simplilearn.demo.FlipkartTestChrome" name="downloadImages" time="0.035"/>
  <testcase classname="com.simplilearn.demo.FlipkartTestChrome" name="screenResolution" time="7.937"/>
  <testcase classname="com.simplilearn.demo.FlipkartTestEdge" name="closeLogin" time="1.253"/>
  <testcase classname="com.simplilearn.demo.FlipkartTestEdge" name="scroll" time="6.099"/>
  <testcase classname="com.simplilearn.demo.FlipkartTestEdge" name="searchProduct" time="5.345"/>
  <testcase classname="com.simplilearn.demo.FlipkartTestEdge" name="loadImage" time="14.318"/>
  <testcase classname="com.simplilearn.demo.FlipkartTestEdge" name="scrollFrequency" time="2.081"/>
  <testcase classname="com.simplilearn.demo.FlipkartTestEdge" name="downloadImages" time="0.036"/>
  <testcase classname="com.simplilearn.demo.FlipkartTestEdge" name="screenResolution" time="7.623"/>
</testsuite> <!-- Test -->
