<?xml version="1.0" encoding="UTF-8"?>
<testng-results ignored="0" total="14" passed="14" failed="0" skipped="0">
  <reporter-output>
  </reporter-output>
  <suite started-at="2022-10-12T11:33:40 IST" name="Suite" finished-at="2022-10-12T11:36:16 IST" duration-ms="156622">
    <groups>
    </groups>
    <test started-at="2022-10-12T11:33:40 IST" name="Test" finished-at="2022-10-12T11:36:16 IST" duration-ms="156622">
      <class name="com.simplilearn.demo.FlipkartTestEdge">
        <test-method is-config="true" signature="beforeClass()[pri:0, instance:com.simplilearn.demo.FlipkartTestEdge@1972e513]" started-at="2022-10-12T11:35:02 IST" name="beforeClass" finished-at="2022-10-12T11:35:39 IST" duration-ms="37177" status="PASS">
          <reporter-output>
          </reporter-output>
        </test-method> <!-- beforeClass -->
        <test-method signature="closeLogin()[pri:1, instance:com.simplilearn.demo.FlipkartTestEdge@1972e513]" started-at="2022-10-12T11:35:39 IST" name="closeLogin" finished-at="2022-10-12T11:35:41 IST" duration-ms="1253" status="PASS">
          <reporter-output>
          </reporter-output>
        </test-method> <!-- closeLogin -->
        <test-method signature="scroll()[pri:2, instance:com.simplilearn.demo.FlipkartTestEdge@1972e513]" started-at="2022-10-12T11:35:41 IST" name="scroll" finished-at="2022-10-12T11:35:47 IST" duration-ms="6099" status="PASS">
          <reporter-output>
          </reporter-output>
        </test-method> <!-- scroll -->
        <test-method signature="searchProduct()[pri:3, instance:com.simplilearn.demo.FlipkartTestEdge@1972e513]" started-at="2022-10-12T11:35:47 IST" name="searchProduct" finished-at="2022-10-12T11:35:52 IST" duration-ms="5345" status="PASS">
          <reporter-output>
          </reporter-output>
        </test-method> <!-- searchProduct -->
        <test-method signature="loadImage()[pri:4, instance:com.simplilearn.demo.FlipkartTestEdge@1972e513]" started-at="2022-10-12T11:35:52 IST" name="loadImage" finished-at="2022-10-12T11:36:06 IST" duration-ms="14318" status="PASS">
          <reporter-output>
          </reporter-output>
        </test-method> <!-- loadImage -->
        <test-method signature="scrollFrequency()[pri:5, instance:com.simplilearn.demo.FlipkartTestEdge@1972e513]" started-at="2022-10-12T11:36:07 IST" name="scrollFrequency" finished-at="2022-10-12T11:36:09 IST" duration-ms="2081" status="PASS">
          <reporter-output>
          </reporter-output>
        </test-method> <!-- scrollFrequency -->
        <test-method signature="downloadImages()[pri:6, instance:com.simplilearn.demo.FlipkartTestEdge@1972e513]" started-at="2022-10-12T11:36:09 IST" name="downloadImages" finished-at="2022-10-12T11:36:09 IST" duration-ms="36" status="PASS">
          <reporter-output>
          </reporter-output>
        </test-method> <!-- downloadImages -->
        <test-method signature="screenResolution()[pri:7, instance:com.simplilearn.demo.FlipkartTestEdge@1972e513]" started-at="2022-10-12T11:36:09 IST" name="screenResolution" finished-at="2022-10-12T11:36:16 IST" duration-ms="7623" status="PASS">
          <reporter-output>
          </reporter-output>
        </test-method> <!-- screenResolution -->
        <test-method is-config="true" signature="afterClass()[pri:0, instance:com.simplilearn.demo.FlipkartTestEdge@1972e513]" started-at="2022-10-12T11:36:16 IST" name="afterClass" finished-at="2022-10-12T11:36:16 IST" duration-ms="0" status="PASS">
          <reporter-output>
          </reporter-output>
        </test-method> <!-- afterClass -->
      </class> <!-- com.simplilearn.demo.FlipkartTestEdge -->
      <class name="com.simplilearn.demo.FlipkartTestChrome">
        <test-method is-config="true" signature="beforeClass()[pri:0, instance:com.simplilearn.demo.FlipkartTestChrome@359df09a]" started-at="2022-10-12T11:33:40 IST" name="beforeClass" finished-at="2022-10-12T11:34:26 IST" duration-ms="46557" status="PASS">
          <reporter-output>
          </reporter-output>
        </test-method> <!-- beforeClass -->
        <test-method signature="closeLogin()[pri:1, instance:com.simplilearn.demo.FlipkartTestChrome@359df09a]" started-at="2022-10-12T11:34:26 IST" name="closeLogin" finished-at="2022-10-12T11:34:28 IST" duration-ms="1373" status="PASS">
          <reporter-output>
          </reporter-output>
        </test-method> <!-- closeLogin -->
        <test-method signature="scroll()[pri:2, instance:com.simplilearn.demo.FlipkartTestChrome@359df09a]" started-at="2022-10-12T11:34:28 IST" name="scroll" finished-at="2022-10-12T11:34:34 IST" duration-ms="6106" status="PASS">
          <reporter-output>
          </reporter-output>
        </test-method> <!-- scroll -->
        <test-method signature="searchProduct()[pri:3, instance:com.simplilearn.demo.FlipkartTestChrome@359df09a]" started-at="2022-10-12T11:34:34 IST" name="searchProduct" finished-at="2022-10-12T11:34:39 IST" duration-ms="5434" status="PASS">
          <reporter-output>
          </reporter-output>
        </test-method> <!-- searchProduct -->
        <test-method signature="loadImage()[pri:4, instance:com.simplilearn.demo.FlipkartTestChrome@359df09a]" started-at="2022-10-12T11:34:39 IST" name="loadImage" finished-at="2022-10-12T11:34:52 IST" duration-ms="13102" status="PASS">
          <reporter-output>
          </reporter-output>
        </test-method> <!-- loadImage -->
        <test-method signature="scrollFrequency()[pri:5, instance:com.simplilearn.demo.FlipkartTestChrome@359df09a]" started-at="2022-10-12T11:34:52 IST" name="scrollFrequency" finished-at="2022-10-12T11:34:54 IST" duration-ms="2064" status="PASS">
          <reporter-output>
          </reporter-output>
        </test-method> <!-- scrollFrequency -->
        <test-method signature="downloadImages()[pri:6, instance:com.simplilearn.demo.FlipkartTestChrome@359df09a]" started-at="2022-10-12T11:34:54 IST" name="downloadImages" finished-at="2022-10-12T11:34:54 IST" duration-ms="35" status="PASS">
          <reporter-output>
          </reporter-output>
        </test-method> <!-- downloadImages -->
        <test-method signature="screenResolution()[pri:7, instance:com.simplilearn.demo.FlipkartTestChrome@359df09a]" started-at="2022-10-12T11:34:54 IST" name="screenResolution" finished-at="2022-10-12T11:35:02 IST" duration-ms="7937" status="PASS">
          <reporter-output>
          </reporter-output>
        </test-method> <!-- screenResolution -->
        <test-method is-config="true" signature="afterClass()[pri:0, instance:com.simplilearn.demo.FlipkartTestChrome@359df09a]" started-at="2022-10-12T11:35:02 IST" name="afterClass" finished-at="2022-10-12T11:35:02 IST" duration-ms="0" status="PASS">
          <reporter-output>
          </reporter-output>
        </test-method> <!-- afterClass -->
      </class> <!-- com.simplilearn.demo.FlipkartTestChrome -->
    </test> <!-- Test -->
  </suite> <!-- Suite -->
</testng-results>
